<?xml version="1.0" encoding="UTF-8"?>
<testsuite xmlns:xsi="http://www.w3.org/2001/XMLSchema-instance" xsi:noNamespaceSchemaLocation="https://maven.apache.org/surefire/maven-surefire-plugin/xsd/surefire-test-report.xsd" name="idv.heimlich.ccacompany.ConfigClientAboutCompanyApplicationTests" time="5.275" tests="1" errors="0" skipped="0" failures="0">
  <properties>
    <property name="java.specification.version" value="17"/>
    <property name="sun.cpu.isalist" value="amd64"/>
    <property name="sun.jnu.encoding" value="MS950"/>
    <property name="java.class.path" value="D:\JAVA_WORKSPACE\Spring\ConfigClientAboutCompany\target\test-classes;D:\JAVA_WORKSPACE\Spring\ConfigClientAboutCompany\target\classes;D:\JAVA_DEVELOP\maven_repo\repository\org\springframework\boot\spring-boot-starter-actuator\3.0.5\spring-boot-starter-actuator-3.0.5.jar;D:\JAVA_DEVELOP\maven_repo\repository\org\springframework\boot\spring-boot-starter\3.0.5\spring-boot-starter-3.0.5.jar;D:\JAVA_DEVELOP\maven_repo\repository\org\springframework\boot\spring-boot\3.0.5\spring-boot-3.0.5.jar;D:\JAVA_DEVELOP\maven_repo\repository\org\springframework\boot\spring-boot-autoconfigure\3.0.5\spring-boot-autoconfigure-3.0.5.jar;D:\JAVA_DEVELOP\maven_repo\repository\org\springframework\boot\spring-boot-starter-logging\3.0.5\spring-boot-starter-logging-3.0.5.jar;D:\JAVA_DEVELOP\maven_repo\repository\ch\qos\logback\logback-classic\1.4.6\logback-classic-1.4.6.jar;D:\JAVA_DEVELOP\maven_repo\repository\ch\qos\logback\logback-core\1.4.6\logback-core-1.4.6.jar;D:\JAVA_DEVELOP\maven_repo\repository\org\apache\logging\log4j\log4j-to-slf4j\2.19.0\log4j-to-slf4j-2.19.0.jar;D:\JAVA_DEVELOP\maven_repo\repository\org\apache\logging\log4j\log4j-api\2.19.0\log4j-api-2.19.0.jar;D:\JAVA_DEVELOP\maven_repo\repository\org\slf4j\jul-to-slf4j\2.0.7\jul-to-slf4j-2.0.7.jar;D:\JAVA_DEVELOP\maven_repo\repository\jakarta\annotation\jakarta.annotation-api\2.1.1\jakarta.annotation-api-2.1.1.jar;D:\JAVA_DEVELOP\maven_repo\repository\org\yaml\snakeyaml\1.33\snakeyaml-1.33.jar;D:\JAVA_DEVELOP\maven_repo\repository\org\springframework\boot\spring-boot-actuator-autoconfigure\3.0.5\spring-boot-actuator-autoconfigure-3.0.5.jar;D:\JAVA_DEVELOP\maven_repo\repository\org\springframework\boot\spring-boot-actuator\3.0.5\spring-boot-actuator-3.0.5.jar;D:\JAVA_DEVELOP\maven_repo\repository\com\fasterxml\jackson\datatype\jackson-datatype-jsr310\2.14.2\jackson-datatype-jsr310-2.14.2.jar;D:\JAVA_DEVELOP\maven_repo\repository\io\micrometer\micrometer-observation\1.10.5\micrometer-observation-1.10.5.jar;D:\JAVA_DEVELOP\maven_repo\repository\io\micrometer\micrometer-commons\1.10.5\micrometer-commons-1.10.5.jar;D:\JAVA_DEVELOP\maven_repo\repository\io\micrometer\micrometer-core\1.10.5\micrometer-core-1.10.5.jar;D:\JAVA_DEVELOP\maven_repo\repository\org\hdrhistogram\HdrHistogram\2.1.12\HdrHistogram-2.1.12.jar;D:\JAVA_DEVELOP\maven_repo\repository\org\latencyutils\LatencyUtils\2.0.3\LatencyUtils-2.0.3.jar;D:\JAVA_DEVELOP\maven_repo\repository\org\springframework\boot\spring-boot-starter-web\3.0.5\spring-boot-starter-web-3.0.5.jar;D:\JAVA_DEVELOP\maven_repo\repository\org\springframework\boot\spring-boot-starter-json\3.0.5\spring-boot-starter-json-3.0.5.jar;D:\JAVA_DEVELOP\maven_repo\repository\com\fasterxml\jackson\datatype\jackson-datatype-jdk8\2.14.2\jackson-datatype-jdk8-2.14.2.jar;D:\JAVA_DEVELOP\maven_repo\repository\com\fasterxml\jackson\module\jackson-module-parameter-names\2.14.2\jackson-module-parameter-names-2.14.2.jar;D:\JAVA_DEVELOP\maven_repo\repository\org\springframework\boot\spring-boot-starter-tomcat\3.0.5\spring-boot-starter-tomcat-3.0.5.jar;D:\JAVA_DEVELOP\maven_repo\repository\org\apache\tomcat\embed\tomcat-embed-core\10.1.7\tomcat-embed-core-10.1.7.jar;D:\JAVA_DEVELOP\maven_repo\repository\org\apache\tomcat\embed\tomcat-embed-el\10.1.7\tomcat-embed-el-10.1.7.jar;D:\JAVA_DEVELOP\maven_repo\repository\org\apache\tomcat\embed\tomcat-embed-websocket\10.1.7\tomcat-embed-websocket-10.1.7.jar;D:\JAVA_DEVELOP\maven_repo\repository\org\springframework\spring-web\6.0.7\spring-web-6.0.7.jar;D:\JAVA_DEVELOP\maven_repo\repository\org\springframework\spring-beans\6.0.7\spring-beans-6.0.7.jar;D:\JAVA_DEVELOP\maven_repo\repository\org\springframework\spring-webmvc\6.0.7\spring-webmvc-6.0.7.jar;D:\JAVA_DEVELOP\maven_repo\repository\org\springframework\spring-aop\6.0.7\spring-aop-6.0.7.jar;D:\JAVA_DEVELOP\maven_repo\repository\org\springframework\spring-context\6.0.7\spring-context-6.0.7.jar;D:\JAVA_DEVELOP\maven_repo\repository\org\springframework\spring-expression\6.0.7\spring-expression-6.0.7.jar;D:\JAVA_DEVELOP\maven_repo\repository\org\springframework\cloud\spring-cloud-starter-config\4.0.2\spring-cloud-starter-config-4.0.2.jar;D:\JAVA_DEVELOP\maven_repo\repository\org\springframework\cloud\spring-cloud-starter\4.0.2\spring-cloud-starter-4.0.2.jar;D:\JAVA_DEVELOP\maven_repo\repository\org\springframework\cloud\spring-cloud-context\4.0.2\spring-cloud-context-4.0.2.jar;D:\JAVA_DEVELOP\maven_repo\repository\org\springframework\security\spring-security-crypto\6.0.2\spring-security-crypto-6.0.2.jar;D:\JAVA_DEVELOP\maven_repo\repository\org\springframework\cloud\spring-cloud-commons\4.0.2\spring-cloud-commons-4.0.2.jar;D:\JAVA_DEVELOP\maven_repo\repository\org\springframework\security\spring-security-rsa\1.0.11.RELEASE\spring-security-rsa-1.0.11.RELEASE.jar;D:\JAVA_DEVELOP\maven_repo\repository\org\bouncycastle\bcpkix-jdk15on\1.69\bcpkix-jdk15on-1.69.jar;D:\JAVA_DEVELOP\maven_repo\repository\org\bouncycastle\bcprov-jdk15on\1.69\bcprov-jdk15on-1.69.jar;D:\JAVA_DEVELOP\maven_repo\repository\org\bouncycastle\bcutil-jdk15on\1.69\bcutil-jdk15on-1.69.jar;D:\JAVA_DEVELOP\maven_repo\repository\org\springframework\cloud\spring-cloud-config-client\4.0.2\spring-cloud-config-client-4.0.2.jar;D:\JAVA_DEVELOP\maven_repo\repository\com\fasterxml\jackson\core\jackson-annotations\2.14.2\jackson-annotations-2.14.2.jar;D:\JAVA_DEVELOP\maven_repo\repository\org\apache\httpcomponents\client5\httpclient5\5.1.4\httpclient5-5.1.4.jar;D:\JAVA_DEVELOP\maven_repo\repository\org\apache\httpcomponents\core5\httpcore5\5.1.5\httpcore5-5.1.5.jar;D:\JAVA_DEVELOP\maven_repo\repository\org\apache\httpcomponents\core5\httpcore5-h2\5.1.5\httpcore5-h2-5.1.5.jar;D:\JAVA_DEVELOP\maven_repo\repository\commons-codec\commons-codec\1.15\commons-codec-1.15.jar;D:\JAVA_DEVELOP\maven_repo\repository\com\fasterxml\jackson\core\jackson-databind\2.14.2\jackson-databind-2.14.2.jar;D:\JAVA_DEVELOP\maven_repo\repository\com\fasterxml\jackson\core\jackson-core\2.14.2\jackson-core-2.14.2.jar;D:\JAVA_DEVELOP\maven_repo\repository\org\springframework\cloud\spring-cloud-starter-bootstrap\4.0.2\spring-cloud-starter-bootstrap-4.0.2.jar;D:\JAVA_DEVELOP\maven_repo\repository\org\springframework\boot\spring-boot-starter-test\3.0.5\spring-boot-starter-test-3.0.5.jar;D:\JAVA_DEVELOP\maven_repo\repository\org\springframework\boot\spring-boot-test\3.0.5\spring-boot-test-3.0.5.jar;D:\JAVA_DEVELOP\maven_repo\repository\org\springframework\boot\spring-boot-test-autoconfigure\3.0.5\spring-boot-test-autoconfigure-3.0.5.jar;D:\JAVA_DEVELOP\maven_repo\repository\com\jayway\jsonpath\json-path\2.7.0\json-path-2.7.0.jar;D:\JAVA_DEVELOP\maven_repo\repository\net\minidev\json-smart\2.4.10\json-smart-2.4.10.jar;D:\JAVA_DEVELOP\maven_repo\repository\net\minidev\accessors-smart\2.4.9\accessors-smart-2.4.9.jar;D:\JAVA_DEVELOP\maven_repo\repository\org\ow2\asm\asm\9.3\asm-9.3.jar;D:\JAVA_DEVELOP\maven_repo\repository\org\slf4j\slf4j-api\2.0.7\slf4j-api-2.0.7.jar;D:\JAVA_DEVELOP\maven_repo\repository\jakarta\xml\bind\jakarta.xml.bind-api\4.0.0\jakarta.xml.bind-api-4.0.0.jar;D:\JAVA_DEVELOP\maven_repo\repository\jakarta\activation\jakarta.activation-api\2.1.1\jakarta.activation-api-2.1.1.jar;D:\JAVA_DEVELOP\maven_repo\repository\org\assertj\assertj-core\3.23.1\assertj-core-3.23.1.jar;D:\JAVA_DEVELOP\maven_repo\repository\net\bytebuddy\byte-buddy\1.12.23\byte-buddy-1.12.23.jar;D:\JAVA_DEVELOP\maven_repo\repository\org\hamcrest\hamcrest\2.2\hamcrest-2.2.jar;D:\JAVA_DEVELOP\maven_repo\repository\org\junit\jupiter\junit-jupiter\5.9.2\junit-jupiter-5.9.2.jar;D:\JAVA_DEVELOP\maven_repo\repository\org\junit\jupiter\junit-jupiter-api\5.9.2\junit-jupiter-api-5.9.2.jar;D:\JAVA_DEVELOP\maven_repo\repository\org\opentest4j\opentest4j\1.2.0\opentest4j-1.2.0.jar;D:\JAVA_DEVELOP\maven_repo\repository\org\junit\platform\junit-platform-commons\1.9.2\junit-platform-commons-1.9.2.jar;D:\JAVA_DEVELOP\maven_repo\repository\org\apiguardian\apiguardian-api\1.1.2\apiguardian-api-1.1.2.jar;D:\JAVA_DEVELOP\maven_repo\repository\org\junit\jupiter\junit-jupiter-params\5.9.2\junit-jupiter-params-5.9.2.jar;D:\JAVA_DEVELOP\maven_repo\repository\org\junit\jupiter\junit-jupiter-engine\5.9.2\junit-jupiter-engine-5.9.2.jar;D:\JAVA_DEVELOP\maven_repo\repository\org\junit\platform\junit-platform-engine\1.9.2\junit-platform-engine-1.9.2.jar;D:\JAVA_DEVELOP\maven_repo\repository\org\mockito\mockito-core\4.8.1\mockito-core-4.8.1.jar;D:\JAVA_DEVELOP\maven_repo\repository\net\bytebuddy\byte-buddy-agent\1.12.23\byte-buddy-agent-1.12.23.jar;D:\JAVA_DEVELOP\maven_repo\repository\org\objenesis\objenesis\3.2\objenesis-3.2.jar;D:\JAVA_DEVELOP\maven_repo\repository\org\mockito\mockito-junit-jupiter\4.8.1\mockito-junit-jupiter-4.8.1.jar;D:\JAVA_DEVELOP\maven_repo\repository\org\skyscreamer\jsonassert\1.5.1\jsonassert-1.5.1.jar;D:\JAVA_DEVELOP\maven_repo\repository\com\vaadin\external\google\android-json\0.0.20131108.vaadin1\android-json-0.0.20131108.vaadin1.jar;D:\JAVA_DEVELOP\maven_repo\repository\org\springframework\spring-core\6.0.7\spring-core-6.0.7.jar;D:\JAVA_DEVELOP\maven_repo\repository\org\springframework\spring-jcl\6.0.7\spring-jcl-6.0.7.jar;D:\JAVA_DEVELOP\maven_repo\repository\org\springframework\spring-test\6.0.7\spring-test-6.0.7.jar;D:\JAVA_DEVELOP\maven_repo\repository\org\xmlunit\xmlunit-core\2.9.1\xmlunit-core-2.9.1.jar;D:\JAVA_DEVELOP\maven_repo\repository\org\springframework\boot\spring-boot-starter-data-jpa\3.0.5\spring-boot-starter-data-jpa-3.0.5.jar;D:\JAVA_DEVELOP\maven_repo\repository\org\springframework\boot\spring-boot-starter-aop\3.0.5\spring-boot-starter-aop-3.0.5.jar;D:\JAVA_DEVELOP\maven_repo\repository\org\aspectj\aspectjweaver\1.9.19\aspectjweaver-1.9.19.jar;D:\JAVA_DEVELOP\maven_repo\repository\org\hibernate\orm\hibernate-core\6.1.7.Final\hibernate-core-6.1.7.Final.jar;D:\JAVA_DEVELOP\maven_repo\repository\jakarta\persistence\jakarta.persistence-api\3.1.0\jakarta.persistence-api-3.1.0.jar;D:\JAVA_DEVELOP\maven_repo\repository\jakarta\transaction\jakarta.transaction-api\2.0.1\jakarta.transaction-api-2.0.1.jar;D:\JAVA_DEVELOP\maven_repo\repository\org\jboss\logging\jboss-logging\3.5.0.Final\jboss-logging-3.5.0.Final.jar;D:\JAVA_DEVELOP\maven_repo\repository\org\hibernate\common\hibernate-commons-annotations\6.0.6.Final\hibernate-commons-annotations-6.0.6.Final.jar;D:\JAVA_DEVELOP\maven_repo\repository\org\jboss\jandex\2.4.2.Final\jandex-2.4.2.Final.jar;D:\JAVA_DEVELOP\maven_repo\repository\com\fasterxml\classmate\1.5.1\classmate-1.5.1.jar;D:\JAVA_DEVELOP\maven_repo\repository\org\glassfish\jaxb\jaxb-runtime\4.0.2\jaxb-runtime-4.0.2.jar;D:\JAVA_DEVELOP\maven_repo\repository\org\glassfish\jaxb\jaxb-core\4.0.2\jaxb-core-4.0.2.jar;D:\JAVA_DEVELOP\maven_repo\repository\org\eclipse\angus\angus-activation\2.0.0\angus-activation-2.0.0.jar;D:\JAVA_DEVELOP\maven_repo\repository\org\glassfish\jaxb\txw2\4.0.2\txw2-4.0.2.jar;D:\JAVA_DEVELOP\maven_repo\repository\com\sun\istack\istack-commons-runtime\4.1.1\istack-commons-runtime-4.1.1.jar;D:\JAVA_DEVELOP\maven_repo\repository\jakarta\inject\jakarta.inject-api\2.0.0\jakarta.inject-api-2.0.0.jar;D:\JAVA_DEVELOP\maven_repo\repository\org\antlr\antlr4-runtime\4.10.1\antlr4-runtime-4.10.1.jar;D:\JAVA_DEVELOP\maven_repo\repository\org\springframework\data\spring-data-jpa\3.0.4\spring-data-jpa-3.0.4.jar;D:\JAVA_DEVELOP\maven_repo\repository\org\springframework\data\spring-data-commons\3.0.4\spring-data-commons-3.0.4.jar;D:\JAVA_DEVELOP\maven_repo\repository\org\springframework\spring-orm\6.0.7\spring-orm-6.0.7.jar;D:\JAVA_DEVELOP\maven_repo\repository\org\springframework\spring-tx\6.0.7\spring-tx-6.0.7.jar;D:\JAVA_DEVELOP\maven_repo\repository\org\springframework\spring-aspects\6.0.7\spring-aspects-6.0.7.jar;D:\JAVA_DEVELOP\maven_repo\repository\org\springframework\boot\spring-boot-starter-jdbc\3.0.5\spring-boot-starter-jdbc-3.0.5.jar;D:\JAVA_DEVELOP\maven_repo\repository\com\zaxxer\HikariCP\5.0.1\HikariCP-5.0.1.jar;D:\JAVA_DEVELOP\maven_repo\repository\org\springframework\spring-jdbc\6.0.7\spring-jdbc-6.0.7.jar;"/>
    <property name="java.vm.vendor" value="Oracle Corporation"/>
    <property name="sun.arch.data.model" value="64"/>
    <property name="user.variant" value=""/>
    <property name="java.vendor.url" value="https://java.oracle.com/"/>
    <property name="user.timezone" value="Asia/Taipei"/>
    <property name="os.name" value="Windows 11"/>
    <property name="java.vm.specification.version" value="17"/>
    <property name="sun.java.launcher" value="SUN_STANDARD"/>
    <property name="user.country" value="TW"/>
    <property name="sun.boot.library.path" value="C:\Program Files\Java\jdk-17\bin"/>
    <property name="sun.java.command" value="C:\Users\2205035\AppData\Local\Temp\surefire17056993015321558729\surefirebooter13949639681049208969.jar C:\Users\2205035\AppData\Local\Temp\surefire17056993015321558729 2023-04-17T16-01-04_260-jvmRun1 surefire4020375890045444343tmp surefire_05376024006339890428tmp"/>
    <property name="jdk.debug" value="release"/>
    <property name="surefire.test.class.path" value="D:\JAVA_WORKSPACE\Spring\ConfigClientAboutCompany\target\test-classes;D:\JAVA_WORKSPACE\Spring\ConfigClientAboutCompany\target\classes;D:\JAVA_DEVELOP\maven_repo\repository\org\springframework\boot\spring-boot-starter-actuator\3.0.5\spring-boot-starter-actuator-3.0.5.jar;D:\JAVA_DEVELOP\maven_repo\repository\org\springframework\boot\spring-boot-starter\3.0.5\spring-boot-starter-3.0.5.jar;D:\JAVA_DEVELOP\maven_repo\repository\org\springframework\boot\spring-boot\3.0.5\spring-boot-3.0.5.jar;D:\JAVA_DEVELOP\maven_repo\repository\org\springframework\boot\spring-boot-autoconfigure\3.0.5\spring-boot-autoconfigure-3.0.5.jar;D:\JAVA_DEVELOP\maven_repo\repository\org\springframework\boot\spring-boot-starter-logging\3.0.5\spring-boot-starter-logging-3.0.5.jar;D:\JAVA_DEVELOP\maven_repo\repository\ch\qos\logback\logback-classic\1.4.6\logback-classic-1.4.6.jar;D:\JAVA_DEVELOP\maven_repo\repository\ch\qos\logback\logback-core\1.4.6\logback-core-1.4.6.jar;D:\JAVA_DEVELOP\maven_repo\repository\org\apache\logging\log4j\log4j-to-slf4j\2.19.0\log4j-to-slf4j-2.19.0.jar;D:\JAVA_DEVELOP\maven_repo\repository\org\apache\logging\log4j\log4j-api\2.19.0\log4j-api-2.19.0.jar;D:\JAVA_DEVELOP\maven_repo\repository\org\slf4j\jul-to-slf4j\2.0.7\jul-to-slf4j-2.0.7.jar;D:\JAVA_DEVELOP\maven_repo\repository\jakarta\annotation\jakarta.annotation-api\2.1.1\jakarta.annotation-api-2.1.1.jar;D:\JAVA_DEVELOP\maven_repo\repository\org\yaml\snakeyaml\1.33\snakeyaml-1.33.jar;D:\JAVA_DEVELOP\maven_repo\repository\org\springframework\boot\spring-boot-actuator-autoconfigure\3.0.5\spring-boot-actuator-autoconfigure-3.0.5.jar;D:\JAVA_DEVELOP\maven_repo\repository\org\springframework\boot\spring-boot-actuator\3.0.5\spring-boot-actuator-3.0.5.jar;D:\JAVA_DEVELOP\maven_repo\repository\com\fasterxml\jackson\datatype\jackson-datatype-jsr310\2.14.2\jackson-datatype-jsr310-2.14.2.jar;D:\JAVA_DEVELOP\maven_repo\repository\io\micrometer\micrometer-observation\1.10.5\micrometer-observation-1.10.5.jar;D:\JAVA_DEVELOP\maven_repo\repository\io\micrometer\micrometer-commons\1.10.5\micrometer-commons-1.10.5.jar;D:\JAVA_DEVELOP\maven_repo\repository\io\micrometer\micrometer-core\1.10.5\micrometer-core-1.10.5.jar;D:\JAVA_DEVELOP\maven_repo\repository\org\hdrhistogram\HdrHistogram\2.1.12\HdrHistogram-2.1.12.jar;D:\JAVA_DEVELOP\maven_repo\repository\org\latencyutils\LatencyUtils\2.0.3\LatencyUtils-2.0.3.jar;D:\JAVA_DEVELOP\maven_repo\repository\org\springframework\boot\spring-boot-starter-web\3.0.5\spring-boot-starter-web-3.0.5.jar;D:\JAVA_DEVELOP\maven_repo\repository\org\springframework\boot\spring-boot-starter-json\3.0.5\spring-boot-starter-json-3.0.5.jar;D:\JAVA_DEVELOP\maven_repo\repository\com\fasterxml\jackson\datatype\jackson-datatype-jdk8\2.14.2\jackson-datatype-jdk8-2.14.2.jar;D:\JAVA_DEVELOP\maven_repo\repository\com\fasterxml\jackson\module\jackson-module-parameter-names\2.14.2\jackson-module-parameter-names-2.14.2.jar;D:\JAVA_DEVELOP\maven_repo\repository\org\springframework\boot\spring-boot-starter-tomcat\3.0.5\spring-boot-starter-tomcat-3.0.5.jar;D:\JAVA_DEVELOP\maven_repo\repository\org\apache\tomcat\embed\tomcat-embed-core\10.1.7\tomcat-embed-core-10.1.7.jar;D:\JAVA_DEVELOP\maven_repo\repository\org\apache\tomcat\embed\tomcat-embed-el\10.1.7\tomcat-embed-el-10.1.7.jar;D:\JAVA_DEVELOP\maven_repo\repository\org\apache\tomcat\embed\tomcat-embed-websocket\10.1.7\tomcat-embed-websocket-10.1.7.jar;D:\JAVA_DEVELOP\maven_repo\repository\org\springframework\spring-web\6.0.7\spring-web-6.0.7.jar;D:\JAVA_DEVELOP\maven_repo\repository\org\springframework\spring-beans\6.0.7\spring-beans-6.0.7.jar;D:\JAVA_DEVELOP\maven_repo\repository\org\springframework\spring-webmvc\6.0.7\spring-webmvc-6.0.7.jar;D:\JAVA_DEVELOP\maven_repo\repository\org\springframework\spring-aop\6.0.7\spring-aop-6.0.7.jar;D:\JAVA_DEVELOP\maven_repo\repository\org\springframework\spring-context\6.0.7\spring-context-6.0.7.jar;D:\JAVA_DEVELOP\maven_repo\repository\org\springframework\spring-expression\6.0.7\spring-expression-6.0.7.jar;D:\JAVA_DEVELOP\maven_repo\repository\org\springframework\cloud\spring-cloud-starter-config\4.0.2\spring-cloud-starter-config-4.0.2.jar;D:\JAVA_DEVELOP\maven_repo\repository\org\springframework\cloud\spring-cloud-starter\4.0.2\spring-cloud-starter-4.0.2.jar;D:\JAVA_DEVELOP\maven_repo\repository\org\springframework\cloud\spring-cloud-context\4.0.2\spring-cloud-context-4.0.2.jar;D:\JAVA_DEVELOP\maven_repo\repository\org\springframework\security\spring-security-crypto\6.0.2\spring-security-crypto-6.0.2.jar;D:\JAVA_DEVELOP\maven_repo\repository\org\springframework\cloud\spring-cloud-commons\4.0.2\spring-cloud-commons-4.0.2.jar;D:\JAVA_DEVELOP\maven_repo\repository\org\springframework\security\spring-security-rsa\1.0.11.RELEASE\spring-security-rsa-1.0.11.RELEASE.jar;D:\JAVA_DEVELOP\maven_repo\repository\org\bouncycastle\bcpkix-jdk15on\1.69\bcpkix-jdk15on-1.69.jar;D:\JAVA_DEVELOP\maven_repo\repository\org\bouncycastle\bcprov-jdk15on\1.69\bcprov-jdk15on-1.69.jar;D:\JAVA_DEVELOP\maven_repo\repository\org\bouncycastle\bcutil-jdk15on\1.69\bcutil-jdk15on-1.69.jar;D:\JAVA_DEVELOP\maven_repo\repository\org\springframework\cloud\spring-cloud-config-client\4.0.2\spring-cloud-config-client-4.0.2.jar;D:\JAVA_DEVELOP\maven_repo\repository\com\fasterxml\jackson\core\jackson-annotations\2.14.2\jackson-annotations-2.14.2.jar;D:\JAVA_DEVELOP\maven_repo\repository\org\apache\httpcomponents\client5\httpclient5\5.1.4\httpclient5-5.1.4.jar;D:\JAVA_DEVELOP\maven_repo\repository\org\apache\httpcomponents\core5\httpcore5\5.1.5\httpcore5-5.1.5.jar;D:\JAVA_DEVELOP\maven_repo\repository\org\apache\httpcomponents\core5\httpcore5-h2\5.1.5\httpcore5-h2-5.1.5.jar;D:\JAVA_DEVELOP\maven_repo\repository\commons-codec\commons-codec\1.15\commons-codec-1.15.jar;D:\JAVA_DEVELOP\maven_repo\repository\com\fasterxml\jackson\core\jackson-databind\2.14.2\jackson-databind-2.14.2.jar;D:\JAVA_DEVELOP\maven_repo\repository\com\fasterxml\jackson\core\jackson-core\2.14.2\jackson-core-2.14.2.jar;D:\JAVA_DEVELOP\maven_repo\repository\org\springframework\cloud\spring-cloud-starter-bootstrap\4.0.2\spring-cloud-starter-bootstrap-4.0.2.jar;D:\JAVA_DEVELOP\maven_repo\repository\org\springframework\boot\spring-boot-starter-test\3.0.5\spring-boot-starter-test-3.0.5.jar;D:\JAVA_DEVELOP\maven_repo\repository\org\springframework\boot\spring-boot-test\3.0.5\spring-boot-test-3.0.5.jar;D:\JAVA_DEVELOP\maven_repo\repository\org\springframework\boot\spring-boot-test-autoconfigure\3.0.5\spring-boot-test-autoconfigure-3.0.5.jar;D:\JAVA_DEVELOP\maven_repo\repository\com\jayway\jsonpath\json-path\2.7.0\json-path-2.7.0.jar;D:\JAVA_DEVELOP\maven_repo\repository\net\minidev\json-smart\2.4.10\json-smart-2.4.10.jar;D:\JAVA_DEVELOP\maven_repo\repository\net\minidev\accessors-smart\2.4.9\accessors-smart-2.4.9.jar;D:\JAVA_DEVELOP\maven_repo\repository\org\ow2\asm\asm\9.3\asm-9.3.jar;D:\JAVA_DEVELOP\maven_repo\repository\org\slf4j\slf4j-api\2.0.7\slf4j-api-2.0.7.jar;D:\JAVA_DEVELOP\maven_repo\repository\jakarta\xml\bind\jakarta.xml.bind-api\4.0.0\jakarta.xml.bind-api-4.0.0.jar;D:\JAVA_DEVELOP\maven_repo\repository\jakarta\activation\jakarta.activation-api\2.1.1\jakarta.activation-api-2.1.1.jar;D:\JAVA_DEVELOP\maven_repo\repository\org\assertj\assertj-core\3.23.1\assertj-core-3.23.1.jar;D:\JAVA_DEVELOP\maven_repo\repository\net\bytebuddy\byte-buddy\1.12.23\byte-buddy-1.12.23.jar;D:\JAVA_DEVELOP\maven_repo\repository\org\hamcrest\hamcrest\2.2\hamcrest-2.2.jar;D:\JAVA_DEVELOP\maven_repo\repository\org\junit\jupiter\junit-jupiter\5.9.2\junit-jupiter-5.9.2.jar;D:\JAVA_DEVELOP\maven_repo\repository\org\junit\jupiter\junit-jupiter-api\5.9.2\junit-jupiter-api-5.9.2.jar;D:\JAVA_DEVELOP\maven_repo\repository\org\opentest4j\opentest4j\1.2.0\opentest4j-1.2.0.jar;D:\JAVA_DEVELOP\maven_repo\repository\org\junit\platform\junit-platform-commons\1.9.2\junit-platform-commons-1.9.2.jar;D:\JAVA_DEVELOP\maven_repo\repository\org\apiguardian\apiguardian-api\1.1.2\apiguardian-api-1.1.2.jar;D:\JAVA_DEVELOP\maven_repo\repository\org\junit\jupiter\junit-jupiter-params\5.9.2\junit-jupiter-params-5.9.2.jar;D:\JAVA_DEVELOP\maven_repo\repository\org\junit\jupiter\junit-jupiter-engine\5.9.2\junit-jupiter-engine-5.9.2.jar;D:\JAVA_DEVELOP\maven_repo\repository\org\junit\platform\junit-platform-engine\1.9.2\junit-platform-engine-1.9.2.jar;D:\JAVA_DEVELOP\maven_repo\repository\org\mockito\mockito-core\4.8.1\mockito-core-4.8.1.jar;D:\JAVA_DEVELOP\maven_repo\repository\net\bytebuddy\byte-buddy-agent\1.12.23\byte-buddy-agent-1.12.23.jar;D:\JAVA_DEVELOP\maven_repo\repository\org\objenesis\objenesis\3.2\objenesis-3.2.jar;D:\JAVA_DEVELOP\maven_repo\repository\org\mockito\mockito-junit-jupiter\4.8.1\mockito-junit-jupiter-4.8.1.jar;D:\JAVA_DEVELOP\maven_repo\repository\org\skyscreamer\jsonassert\1.5.1\jsonassert-1.5.1.jar;D:\JAVA_DEVELOP\maven_repo\repository\com\vaadin\external\google\android-json\0.0.20131108.vaadin1\android-json-0.0.20131108.vaadin1.jar;D:\JAVA_DEVELOP\maven_repo\repository\org\springframework\spring-core\6.0.7\spring-core-6.0.7.jar;D:\JAVA_DEVELOP\maven_repo\repository\org\springframework\spring-jcl\6.0.7\spring-jcl-6.0.7.jar;D:\JAVA_DEVELOP\maven_repo\repository\org\springframework\spring-test\6.0.7\spring-test-6.0.7.jar;D:\JAVA_DEVELOP\maven_repo\repository\org\xmlunit\xmlunit-core\2.9.1\xmlunit-core-2.9.1.jar;D:\JAVA_DEVELOP\maven_repo\repository\org\springframework\boot\spring-boot-starter-data-jpa\3.0.5\spring-boot-starter-data-jpa-3.0.5.jar;D:\JAVA_DEVELOP\maven_repo\repository\org\springframework\boot\spring-boot-starter-aop\3.0.5\spring-boot-starter-aop-3.0.5.jar;D:\JAVA_DEVELOP\maven_repo\repository\org\aspectj\aspectjweaver\1.9.19\aspectjweaver-1.9.19.jar;D:\JAVA_DEVELOP\maven_repo\repository\org\hibernate\orm\hibernate-core\6.1.7.Final\hibernate-core-6.1.7.Final.jar;D:\JAVA_DEVELOP\maven_repo\repository\jakarta\persistence\jakarta.persistence-api\3.1.0\jakarta.persistence-api-3.1.0.jar;D:\JAVA_DEVELOP\maven_repo\repository\jakarta\transaction\jakarta.transaction-api\2.0.1\jakarta.transaction-api-2.0.1.jar;D:\JAVA_DEVELOP\maven_repo\repository\org\jboss\logging\jboss-logging\3.5.0.Final\jboss-logging-3.5.0.Final.jar;D:\JAVA_DEVELOP\maven_repo\repository\org\hibernate\common\hibernate-commons-annotations\6.0.6.Final\hibernate-commons-annotations-6.0.6.Final.jar;D:\JAVA_DEVELOP\maven_repo\repository\org\jboss\jandex\2.4.2.Final\jandex-2.4.2.Final.jar;D:\JAVA_DEVELOP\maven_repo\repository\com\fasterxml\classmate\1.5.1\classmate-1.5.1.jar;D:\JAVA_DEVELOP\maven_repo\repository\org\glassfish\jaxb\jaxb-runtime\4.0.2\jaxb-runtime-4.0.2.jar;D:\JAVA_DEVELOP\maven_repo\repository\org\glassfish\jaxb\jaxb-core\4.0.2\jaxb-core-4.0.2.jar;D:\JAVA_DEVELOP\maven_repo\repository\org\eclipse\angus\angus-activation\2.0.0\angus-activation-2.0.0.jar;D:\JAVA_DEVELOP\maven_repo\repository\org\glassfish\jaxb\txw2\4.0.2\txw2-4.0.2.jar;D:\JAVA_DEVELOP\maven_repo\repository\com\sun\istack\istack-commons-runtime\4.1.1\istack-commons-runtime-4.1.1.jar;D:\JAVA_DEVELOP\maven_repo\repository\jakarta\inject\jakarta.inject-api\2.0.0\jakarta.inject-api-2.0.0.jar;D:\JAVA_DEVELOP\maven_repo\repository\org\antlr\antlr4-runtime\4.10.1\antlr4-runtime-4.10.1.jar;D:\JAVA_DEVELOP\maven_repo\repository\org\springframework\data\spring-data-jpa\3.0.4\spring-data-jpa-3.0.4.jar;D:\JAVA_DEVELOP\maven_repo\repository\org\springframework\data\spring-data-commons\3.0.4\spring-data-commons-3.0.4.jar;D:\JAVA_DEVELOP\maven_repo\repository\org\springframework\spring-orm\6.0.7\spring-orm-6.0.7.jar;D:\JAVA_DEVELOP\maven_repo\repository\org\springframework\spring-tx\6.0.7\spring-tx-6.0.7.jar;D:\JAVA_DEVELOP\maven_repo\repository\org\springframework\spring-aspects\6.0.7\spring-aspects-6.0.7.jar;D:\JAVA_DEVELOP\maven_repo\repository\org\springframework\boot\spring-boot-starter-jdbc\3.0.5\spring-boot-starter-jdbc-3.0.5.jar;D:\JAVA_DEVELOP\maven_repo\repository\com\zaxxer\HikariCP\5.0.1\HikariCP-5.0.1.jar;D:\JAVA_DEVELOP\maven_repo\repository\org\springframework\spring-jdbc\6.0.7\spring-jdbc-6.0.7.jar;"/>
    <property name="sun.cpu.endian" value="little"/>
    <property name="user.home" value="C:\Users\2205035"/>
    <property name="user.language" value="zh"/>
    <property name="java.specification.vendor" value="Oracle Corporation"/>
    <property name="java.version.date" value="2023-01-17"/>
    <property name="java.home" value="C:\Program Files\Java\jdk-17"/>
    <property name="file.separator" value="\"/>
    <property name="style.color" value="always"/>
    <property name="basedir" value="D:\JAVA_WORKSPACE\Spring\ConfigClientAboutCompany"/>
    <property name="java.vm.compressedOopsMode" value="32-bit"/>
    <property name="line.separator" value="&#10;"/>
    <property name="java.vm.specification.vendor" value="Oracle Corporation"/>
    <property name="java.specification.name" value="Java Platform API Specification"/>
    <property name="surefire.real.class.path" value="C:\Users\2205035\AppData\Local\Temp\surefire17056993015321558729\surefirebooter13949639681049208969.jar"/>
    <property name="user.script" value=""/>
    <property name="sun.management.compiler" value="HotSpot 64-Bit Tiered Compilers"/>
    <property name="java.runtime.version" value="17.0.6+9-LTS-190"/>
    <property name="user.name" value="2205035"/>
    <property name="path.separator" value=";"/>
    <property name="os.version" value="10.0"/>
    <property name="java.runtime.name" value="Java(TM) SE Runtime Environment"/>
    <property name="file.encoding" value="MS950"/>
    <property name="java.vm.name" value="Java HotSpot(TM) 64-Bit Server VM"/>
    <property name="localRepository" value="D:\JAVA_DEVELOP\maven_repo\repository"/>
    <property name="java.vendor.url.bug" value="https://bugreport.java.com/bugreport/"/>
    <property name="java.io.tmpdir" value="C:\Users\2205035\AppData\Local\Temp\"/>
    <property name="java.version" value="17.0.6"/>
    <property name="user.dir" value="D:\JAVA_WORKSPACE\Spring\ConfigClientAboutCompany"/>
    <property name="os.arch" value="amd64"/>
    <property name="java.vm.specification.name" value="Java Virtual Machine Specification"/>
    <property name="sun.os.patch.level" value=""/>
    <property name="native.encoding" value="MS950"/>
    <property name="java.library.path" value="C:\Program Files\Java\jdk-17\bin;C:\Windows\Sun\Java\bin;C:\Windows\system32;C:\Windows;C:/Users/2205035/Desktop/sts-4.18.0.RELEASE//plugins/org.eclipse.justj.openjdk.hotspot.jre.full.win32.x86_64_17.0.6.v20230204-1729/jre/bin/server;C:/Users/2205035/Desktop/sts-4.18.0.RELEASE//plugins/org.eclipse.justj.openjdk.hotspot.jre.full.win32.x86_64_17.0.6.v20230204-1729/jre/bin;C:\Program Files\Common Files\Oracle\Java\javapath;D:\oracle\product\11.2.0\client_1\bin;C:\Program Files (x86)\Common Files\Oracle\Java\javapath;C:\Windows\system32;C:\Windows;C:\Windows\System32\Wbem;C:\Windows\System32\WindowsPowerShell\v1.0\;C:\Windows\System32\OpenSSH\;C:\Program Files\Git\cmd;C:\Program Files\TortoiseGit\bin;C:\Program Files\PuTTY\;C:\Program Files (x86)\Microsoft SQL Server\160\Tools\Binn\;C:\Program Files\Microsoft SQL Server\160\Tools\Binn\;C:\Program Files\Microsoft SQL Server\Client SDK\ODBC\170\Tools\Binn\;C:\Program Files\Microsoft SQL Server\160\DTS\Binn\;C:\Program Files (x86)\Microsoft SQL Server\150\DTS\Binn\;C:\Program Files\Azure Data Studio\bin;C:\Program Files\OpenSSL-Win64\bin;C:\Users\2205035\AppData\Local\Microsoft\WindowsApps;C:\Program Files\Java\jdk-17\bin;D:\JAVA_DEVELOP\apache-maven-3.3.3\bin;C:\Program Files\Azure Data Studio\bin;C:\Program Files\OpenSSL-Win64\bin;;C:\Users\2205035\Desktop\sts-4.18.0.RELEASE;;."/>
    <property name="java.vm.info" value="mixed mode, sharing"/>
    <property name="java.vendor" value="Oracle Corporation"/>
    <property name="java.vm.version" value="17.0.6+9-LTS-190"/>
    <property name="sun.io.unicode.encoding" value="UnicodeLittle"/>
    <property name="java.class.version" value="61.0"/>
  </properties>
  <testcase name="contextLoads" classname="idv.heimlich.ccacompany.ConfigClientAboutCompanyApplicationTests" time="0.527"/>
</testsuite>